<?xml version="1.0" encoding="UTF-8"?>
<!-- Generated by org.testng.reporters.JUnitReportReporter -->
<testsuite hostname="user-PC" name="com.autodesk.crm.quotetest.CreateQouteWithFedExTest" tests="1" failures="0" timestamp="20 Sep 2020 18:07:24 GMT" time="0.005" errors="0">
  <testcase name="createQutoWithFedExTest" time="0.005" classname="com.autodesk.crm.quotetest.CreateQouteWithFedExTest"/>
</testsuite> <!-- com.autodesk.crm.quotetest.CreateQouteWithFedExTest -->
