<?xml version="1.0" encoding="UTF-8"?>
<!-- Generated by org.testng.reporters.JUnitReportReporter -->
<testsuite hostname="user-PC" name="example.ReadDataFromProperty" tests="1" failures="0" timestamp="20 Sep 2020 18:07:24 GMT" time="0.002" errors="0">
  <testcase name="createConatct" time="0.002" classname="example.ReadDataFromProperty"/>
</testsuite> <!-- example.ReadDataFromProperty -->
