<?xml version="1.0" encoding="UTF-8"?>
<!-- Generated by org.testng.reporters.JUnitReportReporter -->
<testsuite hostname="user-PC" name="com.autodeskcrm.orgtest.ChromeTest" tests="1" failures="0" timestamp="20 Sep 2020 18:07:24 GMT" time="0.001" errors="0">
  <testcase name="invokeChrome" time="0.001" classname="com.autodeskcrm.orgtest.ChromeTest"/>
</testsuite> <!-- com.autodeskcrm.orgtest.ChromeTest -->
